<?xml version="1.0" encoding="UTF-8"?>
<!-- Generated by org.testng.reporters.JUnitXMLReporter -->
<testsuite hostname="DESKTOP-8G8J0QH" ignored="0" name="Hackathon Test" tests="10" failures="2" timestamp="2021-02-25T18:18:01 IST" time="0.246" errors="0">
  <testcase name="@BeforeTest handleBrowser" time="0.012" classname="com.test.Hack1">
    <failure type="java.lang.NullPointerException">
      <![CDATA[java.lang.NullPointerException
at com.test.Hack1.handleBrowser(Hack1.java:45)
... Removed 24 stack frames]]>
    </failure>
  </testcase> <!-- @BeforeTest handleBrowser -->
  <testcase name="@AfterTest closeBrowser" time="-1.614257281637E9" classname="com.test.Hack1">
    <skipped/>
  </testcase> <!-- @AfterTest closeBrowser -->
  <testcase name="openUrl" time="0.0" classname="com.test.Hack1">
    <failure type="org.testng.TestNGException" message="
Cannot inject @Test annotated Method [openUrl] with [class java.lang.String].
For more information on native dependency injection please refer to https://testng.org/doc/documentation-main.html#native-dependency-injection">
      <![CDATA[org.testng.TestNGException: 
Cannot inject @Test annotated Method [openUrl] with [class java.lang.String].
For more information on native dependency injection please refer to https://testng.org/doc/documentation-main.html#native-dependency-injection
at java.util.ArrayList.forEach(Unknown Source)
... Removed 26 stack frames]]>
    </failure>
  </testcase> <!-- openUrl -->
  <testcase name="checkPopUP" time="0.0" classname="com.test.Hack1">
    <failure type="org.testng.TestNGException" message="
Cannot inject @Test annotated Method [checkPopUP] with [interface org.openqa.selenium.WebDriver].
For more information on native dependency injection please refer to https://testng.org/doc/documentation-main.html#native-dependency-injection">
      <![CDATA[org.testng.TestNGException: 
Cannot inject @Test annotated Method [checkPopUP] with [interface org.openqa.selenium.WebDriver].
For more information on native dependency injection please refer to https://testng.org/doc/documentation-main.html#native-dependency-injection
at java.util.ArrayList.forEach(Unknown Source)
... Removed 26 stack frames]]>
    </failure>
  </testcase> <!-- checkPopUP -->
  <testcase name="cabs" time="0.0" classname="com.test.Hack1">
    <skipped/>
  </testcase> <!-- cabs -->
  <testcase name="city" time="0.0" classname="com.test.Hack1">
    <skipped/>
  </testcase> <!-- city -->
  <testcase name="city1" time="0.0" classname="com.test.Hack1">
    <skipped/>
  </testcase> <!-- city1 -->
  <testcase name="Date_time" time="0.0" classname="com.test.Hack1">
    <skipped/>
  </testcase> <!-- Date_time -->
  <testcase name="More" time="0.0" classname="com.test.Hack1">
    <skipped/>
  </testcase> <!-- More -->
  <testcase name="group_gifting" time="0.0" classname="com.test.Hack1">
    <skipped/>
  </testcase> <!-- group_gifting -->
  <testcase name="hotel" time="0.0" classname="com.test.Hack1">
    <skipped/>
  </testcase> <!-- hotel -->
  <testcase name="Persons" time="0.0" classname="com.test.Hack1">
    <skipped/>
  </testcase> <!-- Persons -->
</testsuite> <!-- Hackathon Test -->
